mbind: Function not implemented
mbind: Function not implemented
mbind: Function not implemented
mbind: Function not implemented
mbind: Function not implemented
mbind: Function not implemented
mbind: Function not implemented
mbind: Function not implemented
mbind: Function not implemented
mbind: Function not implemented
mbind: Function not implemented
mbind: Function not implemented
mbind: Function not implemented
mbind: Function not implemented
**** ERROR ****
**** Unable to init WebUI. Exiting...
9173c90]: Create diskio pool for drive with id 18446744073709551614, path: , type: 0, size: 1
[20210208 16:31:30.995] WORKER[0x00005575c91644c0]: created
[20210208 16:31:30.996] DISKIO[0x00005575c9173c90]: created
[20210208 16:31:30.996] DISK_WORKER[0x00005575c91644c0]: diskio thread start, drive_id = 18446744073709551614, priority = normal
[20210208 16:31:30.996] WORKER[0x00005575c9166320]: created
[20210208 16:31:30.996] WORKER[0x00005575c9174ff0]: created
[20210208 16:31:30.996] WORKER[0x00005575c9166320]: thread start
[20210208 16:31:30.996] WORKER[0x00005575c91752b0]: created
[20210208 16:31:30.996] WORKER[0x00005575c9174ff0]: thread start
[20210208 16:31:30.996] WORKER[0x00005575c9175570]: created
[20210208 16:31:31.007] WORKER[0x00005575c91752b0]: thread start
[20210208 16:31:31.007] WORKER[0x00005575c9175830]: created
[20210208 16:31:31.007] WORKER[0x00005575c9175570]: thread start
[20210208 16:31:31.007] WORKER[0x00005575c9175b80]: created
[20210208 16:31:31.008] WORKER[0x00005575c9175830]: thread start
[20210208 16:31:31.008] WORKER[0x00005575c9175e40]: created
[20210208 16:31:31.008] WORKER[0x00005575c9175b80]: thread start
[20210208 16:31:31.008] WORKER[0x00005575c9176100]: created
[20210208 16:31:31.008] WORKER[0x00005575c9175e40]: thread start
[20210208 16:31:31.008] WORKER[0x00005575c91763c0]: created
[20210208 16:31:31.008] WORKER[0x00005575c9176100]: thread start
[20210208 16:31:31.009] WORKER[0x00005575c9176790]: created
[20210208 16:31:31.009] WORKER[0x00005575c91763c0]: thread start
[20210208 16:31:31.009] WORKER[0x00005575c9176790]: thread start
[20210208 16:31:31.009] WORKER[0x00005575c9176a50]: created
[20210208 16:31:31.019] WORKER[0x00005575c9176d10]: created
[20210208 16:31:31.019] WORKER[0x00005575c9176a50]: thread start
[20210208 16:31:31.019] WORKER[0x00005575c9176fd0]: created
[20210208 16:31:31.019] WORKER[0x00005575c9176d10]: thread start
[20210208 16:31:31.020] WORKER[0x00005575c9177290]: created
[20210208 16:31:31.020] WORKER[0x00005575c9176fd0]: thread start
[20210208 16:31:31.020] WORKER[0x00005575c9177550]: created
[20210208 16:31:31.020] WORKER[0x00005575c9177290]: thread start
[20210208 16:31:31.020] WORKER[0x00005575c9177810]: created
[20210208 16:31:31.020] WORKER[0x00005575c9177550]: thread start
[20210208 16:31:31.020] WORKER[0x00005575c9177c80]: created
[20210208 16:31:31.020] WORKER[0x00005575c9177810]: thread start
[20210208 16:31:31.020] WORKER[0x00005575c9177c80]: thread start
[20210208 16:31:31.021] register completion queue with id 0
[20210208 16:31:31.023] UDP: UDPSocketManager::QuotaData::SetLimit KBps=10485760 pps=6990506
[20210208 16:31:31.023] UDP: UDPSocketManager::QuotaData::SetLimit KBps=10485760 pps=6990506
[20210208 16:31:31.024] UDP: UDPSocketManager::QuotaData::SetLimit KBps=10485760 pps=6990506
[20210208 16:31:31.024] UDP: UDPSocketManager::QuotaData::SetLimit KBps=10485760 pps=6990506
[20210208 16:31:31.024] register completion queue with id 0
[20210208 16:31:31.024] 20PeerListenConnection::listen[0x00005575c9155100][8] bound listening socket 8 to IP 0.0.0.0:24441
[20210208 16:31:31.024] 20PeerListenConnection::listen[0x00005575c917d4c0][9] bound listening socket 9 to IP [::]:24441
[20210208 16:31:31.024] UDP: UDPSocketManager::QuotaData::SetLimit KBps=10485760 pps=6990506
[20210208 16:31:31.024] UDP: UDPSocketManager::QuotaData::SetLimit KBps=10485760 pps=6990506
[20210208 16:31:31.024] UDP: UDP: bound listening socket 10 to IP 0.0.0.0:24441
[20210208 16:31:31.024] UDP: UDP: bound listening socket 10 to IP 0.0.0.0:24441
[20210208 16:31:31.024] UDP: UDP getsockopt(SO_SNDBUF) default=212992
[20210208 16:31:31.025] UDP: UDP failed increasing SO_SNDBUF, requested=2097152 actual=425984
[20210208 16:31:31.025] UDP: UDP failed increasing SO_SNDBUF, requested=1887437 actual=425984
[20210208 16:31:31.025] UDP: UDP failed increasing SO_SNDBUF, requested=1677722 actual=425984
[20210208 16:31:31.025] UDP: UDP failed increasing SO_SNDBUF, requested=1468007 actual=425984
[20210208 16:31:31.025] UDP: UDP failed increasing SO_SNDBUF, requested=1258292 actual=425984
[20210208 16:31:31.025] UDP: UDP failed increasing SO_SNDBUF, requested=1048577 actual=425984
[20210208 16:31:31.025] UDP: UDP failed increasing SO_SNDBUF, requested=838862 actual=425984
[20210208 16:31:31.025] UDP: UDP failed increasing SO_SNDBUF, requested=629147 actual=425984
[20210208 16:31:31.025] UDP: UDP increased SO_SNDBUF to 425984
[20210208 16:31:31.025] UDP: UDP getsockopt(SO_RCVBUF) default=212992
[20210208 16:31:31.025] UDP: UDP failed increasing SO_RCVBUF, requested=20971520 actual=425984
[20210208 16:31:31.025] UDP: UDP failed increasing SO_RCVBUF, requested=18874368 actual=425984
[20210208 16:31:31.025] UDP: UDP failed increasing SO_RCVBUF, requested=16777216 actual=425984
[20210208 16:31:31.025] UDP: UDP failed increasing SO_RCVBUF, requested=14680064 actual=425984
[20210208 16:31:31.025] UDP: UDP failed increasing SO_RCVBUF, requested=12582912 actual=425984
[20210208 16:31:31.025] UDP: UDP failed increasing SO_RCVBUF, requested=10485760 actual=425984
[20210208 16:31:31.025] UDP: UDP failed increasing SO_RCVBUF, requested=8388608 actual=425984
[20210208 16:31:31.025] UDP: UDP failed increasing SO_RCVBUF, requested=6291456 actual=425984
[20210208 16:31:31.025] UDP: UDP failed increasing SO_RCVBUF, requested=4194304 actual=425984
[20210208 16:31:31.025] UDP: UDP failed increasing SO_RCVBUF, requested=2097152 actual=425984
[20210208 16:31:31.025] UDP: UDPSocketManager::QuotaData::SetLimit KBps=10485760 pps=6990506
[20210208 16:31:31.025] UDP: UDPSocketManager::QuotaData::SetLimit KBps=10485760 pps=6990506
[20210208 16:31:31.025] UDP: UDP: bound listening socket 13 to IP [::]:24441
[20210208 16:31:31.025] UDP: UDP: bound listening socket 13 to IP [::]:24441
[20210208 16:31:31.025] UDP: UDP getsockopt(SO_SNDBUF) default=212992
[20210208 16:31:31.025] UDP: UDP failed increasing SO_SNDBUF, requested=2097152 actual=425984
[20210208 16:31:31.025] UDP: UDP failed increasing SO_SNDBUF, requested=1887437 actual=425984
[20210208 16:31:31.025] UDP: UDP failed increasing SO_SNDBUF, requested=1677722 actual=425984
[20210208 16:31:31.025] UDP: UDP failed increasing SO_SNDBUF, requested=1468007 actual=425984
[20210208 16:31:31.025] UDP: UDP failed increasing SO_SNDBUF, requested=1258292 actual=425984
[20210208 16:31:31.025] UDP: UDP failed increasing SO_SNDBUF, requested=1048577 actual=425984
[20210208 16:31:31.025] UDP: UDP failed increasing SO_SNDBUF, requested=838862 actual=425984
[20210208 16:31:31.025] UDP: UDP failed increasing SO_SNDBUF, requested=629147 actual=425984
[20210208 16:31:31.025] UDP: UDP increased SO_SNDBUF to 425984
[20210208 16:31:31.025] UDP: UDP getsockopt(SO_RCVBUF) default=212992
[20210208 16:31:31.025] UDP: UDP failed increasing SO_RCVBUF, requested=20971520 actual=425984
[20210208 16:31:31.025] UDP: UDP failed increasing SO_RCVBUF, requested=18874368 actual=425984
[20210208 16:31:31.025] UDP: UDP failed increasing SO_RCVBUF, requested=16777216 actual=425984
[20210208 16:31:31.025] UDP: UDP failed increasing SO_RCVBUF, requested=14680064 actual=425984
[20210208 16:31:31.025] UDP: UDP failed increasing SO_RCVBUF, requested=12582912 actual=425984
[20210208 16:31:31.025] UDP: UDP failed increasing SO_RCVBUF, requested=10485760 actual=425984
[20210208 16:31:31.025] UDP: UDP failed increasing SO_RCVBUF, requested=8388608 actual=425984
[20210208 16:31:31.025] UDP: UDP failed increasing SO_RCVBUF, requested=6291456 actual=425984
[20210208 16:31:31.025] UDP: UDP failed increasing SO_RCVBUF, requested=4194304 actual=425984
[20210208 16:31:31.025] UDP: UDP failed increasing SO_RCVBUF, requested=2097152 actual=425984
[20210208 16:31:31.025] SE_HTTP_UI_INIT_ERROR - Failed to bind to 127.0.0.1:8888
[20210208 16:31:31.025] Unable to init WebUI. Exiting...
[20210208 16:31:31.025] Quit reason: Unable to init WebUI. Exiting...
[20210208 16:31:31.029] register completion queue with id 0
[20210208 16:31:31.029] register completion queue with id 1
[20210208 16:31:31.029] register completion queue with id 1
[20210208 16:31:31.040] IPv6 is installed
[20210208 16:31:31.041] Unsupported or empty sync.dat file
[20210208 16:31:31.041] My new PeerID: 20611AEE3C4F4AD2E9CC7FB46B4550C4A0C0714E
[20210208 16:31:31.041] LC: LoadLicenses: there is no pro license
[20210208 16:31:31.041] HTTP[0x00007feb6c006440][/e?i=2000&e=eyJhY3Rpb24iOiJpbnN0YWxsIiwiYiI6InN5bmMiLCJjYyI6MCwiY2lkIjoicVNXTzNNbmU5Z2RUVUFGeSIsImN2IjoiMi43LjIiLCJldmVudE5hbWUiOiJzeW5jQmFzaWMiLCJwbCI6ImxpbnV4Iiwic3NiIjotMSwic3lzdmVyIjoibGludXgiLCJ0cyI6MTYxMjc2MjI5MCwidHlwZSI6InJlZ3VsYXIifQ==]: sending GET http://i-2000.b-2-7-2.sync.bench.resilio.com/e?i=2000&e=eyJhY3Rpb24iOiJpbnN0YWxsIiwiYiI6InN5bmMiLCJjYyI6MCwiY2lkIjoicVNXTzNNbmU5Z2RUVUFGeSIsImN2IjoiMi43LjIiLCJldmVudE5hbWUiOiJzeW5jQmFzaWMiLCJwbCI6ImxpbnV4Iiwic3NiIjotMSwic3lzdmVyIjoibGludXgiLCJ0cyI6MTYxMjc2MjI5MCwidHlwZSI6InJlZ3VsYXIifQ==
[20210208 16:31:31.041] HTTP[0x00007feb6c008840][/e?i=2000&e=eyJhY3Rpb24iOiJ1cGdyYWRlIiwiYiI6InN5bmMiLCJjYyI6MCwiY2lkIjoicVNXTzNNbmU5Z2RUVUFGeSIsImN2IjoiMi43LjIiLCJldmVudE5hbWUiOiJzeW5jQmFzaWMiLCJwbCI6ImxpbnV4IiwicHYiOiIiLCJzc2IiOjAsInN5c3ZlciI6ImxpbnV4IiwidHMiOjE2MTI3NjIyOTF9]: sending GET http://i-2000.b-2-7-2.sync.bench.resilio.com/e?i=2000&e=eyJhY3Rpb24iOiJ1cGdyYWRlIiwiYiI6InN5bmMiLCJjYyI6MCwiY2lkIjoicVNXTzNNbmU5Z2RUVUFGeSIsImN2IjoiMi43LjIiLCJldmVudE5hbWUiOiJzeW5jQmFzaWMiLCJwbCI6ImxpbnV4IiwicHYiOiIiLCJzc2IiOjAsInN5c3ZlciI6ImxpbnV4IiwidHMiOjE2MTI3NjIyOTF9
[20210208 16:31:31.042] HTTP[0x00007feb6c00c900][/e?i=2000&e=eyJhY3Rpb24iOiJzdGFydHVwIiwiYiI6InN5bmMiLCJjYyI6MCwiY2lkIjoicVNXTzNNbmU5Z2RUVUFGeSIsImN2IjoiMi43LjIiLCJkYXRhIjowLCJkZXUiOmZhbHNlLCJldmVudE5hbWUiOiJzeW5jQmFzaWMiLCJmaWwiOjAsImZvbCI6MCwiZm9saSI6eyJhIjp7fSwicyI6e319LCJmb2xzIjowLCJrZCI6IiIsImwiOjAsImxhIjowLCJsYW5nIjoiZW4iLCJsdCI6ImZyZWUiLCJvZGV1IjpmYWxzZSwicGVlcnMiOjAsInBsIjoibGludXgiLCJzZmYiOjAsInNzYiI6MCwic3NmYyI6MCwic3NmZCI6MCwic3NmcyI6MCwic3lzdmVyIjoibGludXgiLCJ0cmYiOnsiciI6e30sInMiOnt9fSwidHJmYyI6MCwidHMiOjE2MTI3NjIyOTEsInVzZXJzIjowfQ==]: sending GET http://i-2000.b-2-7-2.sync.bench.resilio.com/e?i=2000&e=eyJhY3Rpb24iOiJzdGFydHVwIiwiYiI6InN5bmMiLCJjYyI6MCwiY2lkIjoicVNXTzNNbmU5Z2RUVUFGeSIsImN2IjoiMi43LjIiLCJkYXRhIjowLCJkZXUiOmZhbHNlLCJldmVudE5hbWUiOiJzeW5jQmFzaWMiLCJmaWwiOjAsImZvbCI6MCwiZm9saSI6eyJhIjp7fSwicyI6e319LCJmb2xzIjowLCJrZCI6IiIsImwiOjAsImxhIjowLCJsYW5nIjoiZW4iLCJsdCI6ImZyZWUiLCJvZGV1IjpmYWxzZSwicGVlcnMiOjAsInBsIjoibGludXgiLCJzZmYiOjAsInNzYiI6MCwic3NmYyI6MCwic3NmZCI6MCwic3NmcyI6MCwic3lzdmVyIjoibGludXgiLCJ0cmYiOnsiciI6e30sInMiOnt9fSwidHJmYyI6MCwidHMiOjE2MTI3NjIyOTEsInVzZXJzIjowfQ==
[20210208 16:31:31.042] Scheduler: Apply global rule, download limit: -1, upload limit: -1
[20210208 16:31:31.042] CoreState: Total memory: 16740917248, used by Sync: 30478336, percentage used: 0.18
[20210208 16:31:31.042] CoreState: Cpu load: 0
[20210208 16:31:31.042] CoreState: Process cpu load: 0
[20210208 16:31:31.042] message thread start
[20210208 16:31:31.042] HTTP[0x00005575c91a9740][/e?i=2000&e=eyJhY3Rpb24iOiJzaHV0ZG93biIsImIiOiJzeW5jIiwiY2MiOjAsImNpZCI6InFTV08zTW5lOWdkVFVBRnkiLCJjdiI6IjIuNy4yIiwiZGF0YSI6MCwiZGV1IjpmYWxzZSwiZXZlbnROYW1lIjoic3luY0Jhc2ljIiwiZmlsIjowLCJmb2wiOjAsImZvbGkiOnsiYSI6e30sInMiOnt9fSwiZm9scyI6MCwia2QiOiIiLCJsIjowLCJsYSI6MCwibGFuZyI6ImVuIiwibHQiOiJmcmVlIiwib2RldSI6ZmFsc2UsInBlZXJzIjowLCJwbCI6ImxpbnV4Iiwic2ZmIjowLCJzc2IiOjAsInNzZmMiOjAsInNzZmQiOjAsInNzZnMiOjAsInN5c3ZlciI6ImxpbnV4IiwidHJmIjp7InIiOnt9LCJzIjp7fX0sInRyZmMiOjAsInRzIjoxNjEyNzYyMjkxLCJ1c2VycyI6MH0=]: sending GET http://i-2000.b-2-7-2.sync.bench.resilio.com/e?i=2000&e=eyJhY3Rpb24iOiJzaHV0ZG93biIsImIiOiJzeW5jIiwiY2MiOjAsImNpZCI6InFTV08zTW5lOWdkVFVBRnkiLCJjdiI6IjIuNy4yIiwiZGF0YSI6MCwiZGV1IjpmYWxzZSwiZXZlbnROYW1lIjoic3luY0Jhc2ljIiwiZmlsIjowLCJmb2wiOjAsImZvbGkiOnsiYSI6e30sInMiOnt9fSwiZm9scyI6MCwia2QiOiIiLCJsIjowLCJsYSI6MCwibGFuZyI6ImVuIiwibHQiOiJmcmVlIiwib2RldSI6ZmFsc2UsInBlZXJzIjowLCJwbCI6ImxpbnV4Iiwic2ZmIjowLCJzc2IiOjAsInNzZmMiOjAsInNzZmQiOjAsInNzZnMiOjAsInN5c3ZlciI6ImxpbnV4IiwidHJmIjp7InIiOnt9LCJzIjp7fX0sInRyZmMiOjAsInRzIjoxNjEyNzYyMjkxLCJ1c2VycyI6MH0=
[20210208 16:31:31.042] SYS_RES: drive "/", id: 2064, capacity: 255729721344, free_space: 152908976128
[20210208 16:31:31.054] saved history: 0 events
[20210208 16:31:32.022] SyncFolderScanner: shut down
[20210208 16:31:32.022] HTTP[0x00007feb6c006440][/e?i=2000&e=eyJhY3Rpb24iOiJpbnN0YWxsIiwiYiI6InN5bmMiLCJjYyI6MCwiY2lkIjoicVNXTzNNbmU5Z2RUVUFGeSIsImN2IjoiMi43LjIiLCJldmVudE5hbWUiOiJzeW5jQmFzaWMiLCJwbCI6ImxpbnV4Iiwic3NiIjotMSwic3lzdmVyIjoibGludXgiLCJ0cyI6MTYxMjc2MjI5MCwidHlwZSI6InJlZ3VsYXIifQ==]: closing
[20210208 16:31:32.022] HTTP[0x00007feb6c008840][/e?i=2000&e=eyJhY3Rpb24iOiJ1cGdyYWRlIiwiYiI6InN5bmMiLCJjYyI6MCwiY2lkIjoicVNXTzNNbmU5Z2RUVUFGeSIsImN2IjoiMi43LjIiLCJldmVudE5hbWUiOiJzeW5jQmFzaWMiLCJwbCI6ImxpbnV4IiwicHYiOiIiLCJzc2IiOjAsInN5c3ZlciI6ImxpbnV4IiwidHMiOjE2MTI3NjIyOTF9]: closing
[20210208 16:31:32.022] HTTP[0x00007feb6c00c900][/e?i=2000&e=eyJhY3Rpb24iOiJzdGFydHVwIiwiYiI6InN5bmMiLCJjYyI6MCwiY2lkIjoicVNXTzNNbmU5Z2RUVUFGeSIsImN2IjoiMi43LjIiLCJkYXRhIjowLCJkZXUiOmZhbHNlLCJldmVudE5hbWUiOiJzeW5jQmFzaWMiLCJmaWwiOjAsImZvbCI6MCwiZm9saSI6eyJhIjp7fSwicyI6e319LCJmb2xzIjowLCJrZCI6IiIsImwiOjAsImxhIjowLCJsYW5nIjoiZW4iLCJsdCI6ImZyZWUiLCJvZGV1IjpmYWxzZSwicGVlcnMiOjAsInBsIjoibGludXgiLCJzZmYiOjAsInNzYiI6MCwic3NmYyI6MCwic3NmZCI6MCwic3NmcyI6MCwic3lzdmVyIjoibGludXgiLCJ0cmYiOnsiciI6e30sInMiOnt9fSwidHJmYyI6MCwidHMiOjE2MTI3NjIyOTEsInVzZXJzIjowfQ==]: closing
[20210208 16:31:32.022] HTTP[0x00005575c91a9740][/e?i=2000&e=eyJhY3Rpb24iOiJzaHV0ZG93biIsImIiOiJzeW5jIiwiY2MiOjAsImNpZCI6InFTV08zTW5lOWdkVFVBRnkiLCJjdiI6IjIuNy4yIiwiZGF0YSI6MCwiZGV1IjpmYWxzZSwiZXZlbnROYW1lIjoic3luY0Jhc2ljIiwiZmlsIjowLCJmb2wiOjAsImZvbGkiOnsiYSI6e30sInMiOnt9fSwiZm9scyI6MCwia2QiOiIiLCJsIjowLCJsYSI6MCwibGFuZyI6ImVuIiwibHQiOiJmcmVlIiwib2RldSI6ZmFsc2UsInBlZXJzIjowLCJwbCI6ImxpbnV4Iiwic2ZmIjowLCJzc2IiOjAsInNzZmMiOjAsInNzZmQiOjAsInNzZnMiOjAsInN5c3ZlciI6ImxpbnV4IiwidHJmIjp7InIiOnt9LCJzIjp7fX0sInRyZmMiOjAsInRzIjoxNjEyNzYyMjkxLCJ1c2VycyI6MH0=]: closing
[20210208 16:31:32.023] shutdown: waiting for connection pool
[20210208 16:31:32.056] HTTP[0x00007feb6c006440][/e?i=2000&e=eyJhY3Rpb24iOiJpbnN0YWxsIiwiYiI6InN5bmMiLCJjYyI6MCwiY2lkIjoicVNXTzNNbmU5Z2RUVUFGeSIsImN2IjoiMi43LjIiLCJldmVudE5hbWUiOiJzeW5jQmFzaWMiLCJwbCI6ImxpbnV4Iiwic3NiIjotMSwic3lzdmVyIjoibGludXgiLCJ0cyI6MTYxMjc2MjI5MCwidHlwZSI6InJlZ3VsYXIifQ==]: destroying
[20210208 16:31:32.056] HTTP[0x00007feb6c00c900][/e?i=2000&e=eyJhY3Rpb24iOiJzdGFydHVwIiwiYiI6InN5bmMiLCJjYyI6MCwiY2lkIjoicVNXTzNNbmU5Z2RUVUFGeSIsImN2IjoiMi43LjIiLCJkYXRhIjowLCJkZXUiOmZhbHNlLCJldmVudE5hbWUiOiJzeW5jQmFzaWMiLCJmaWwiOjAsImZvbCI6MCwiZm9saSI6eyJhIjp7fSwicyI6e319LCJmb2xzIjowLCJrZCI6IiIsImwiOjAsImxhIjowLCJsYW5nIjoiZW4iLCJsdCI6ImZyZWUiLCJvZGV1IjpmYWxzZSwicGVlcnMiOjAsInBsIjoibGludXgiLCJzZmYiOjAsInNzYiI6MCwic3NmYyI6MCwic3NmZCI6MCwic3NmcyI6MCwic3lzdmVyIjoibGludXgiLCJ0cmYiOnsiciI6e30sInMiOnt9fSwidHJmYyI6MCwidHMiOjE2MTI3NjIyOTEsInVzZXJzIjowfQ==]: destroying
[20210208 16:31:32.056] HTTP[0x00005575c91a9740][/e?i=2000&e=eyJhY3Rpb24iOiJzaHV0ZG93biIsImIiOiJzeW5jIiwiY2MiOjAsImNpZCI6InFTV08zTW5lOWdkVFVBRnkiLCJjdiI6IjIuNy4yIiwiZGF0YSI6MCwiZGV1IjpmYWxzZSwiZXZlbnROYW1lIjoic3luY0Jhc2ljIiwiZmlsIjowLCJmb2wiOjAsImZvbGkiOnsiYSI6e30sInMiOnt9fSwiZm9scyI6MCwia2QiOiIiLCJsIjowLCJsYSI6MCwibGFuZyI6ImVuIiwibHQiOiJmcmVlIiwib2RldSI6ZmFsc2UsInBlZXJzIjowLCJwbCI6ImxpbnV4Iiwic2ZmIjowLCJzc2IiOjAsInNzZmMiOjAsInNzZmQiOjAsInNzZnMiOjAsInN5c3ZlciI6ImxpbnV4IiwidHJmIjp7InIiOnt9LCJzIjp7fX0sInRyZmMiOjAsInRzIjoxNjEyNzYyMjkxLCJ1c2VycyI6MH0=]: destroying
[20210208 16:31:32.058] HTTP[0x00007feb6c008840][/e?i=2000&e=eyJhY3Rpb24iOiJ1cGdyYWRlIiwiYiI6InN5bmMiLCJjYyI6MCwiY2lkIjoicVNXTzNNbmU5Z2RUVUFGeSIsImN2IjoiMi43LjIiLCJldmVudE5hbWUiOiJzeW5jQmFzaWMiLCJwbCI6ImxpbnV4IiwicHYiOiIiLCJzc2IiOjAsInN5c3ZlciI6ImxpbnV4IiwidHMiOjE2MTI3NjIyOTF9]: destroying
[20210208 16:31:32.061] shutdown: connection pool empty
[20210208 16:31:32.061] WORKER[0x00005575c9166320]: thread stop
[20210208 16:31:32.061] WORKER[0x00005575c9174ff0]: thread stop
[20210208 16:31:32.061] WORKER[0x00005575c91752b0]: thread stop
[20210208 16:31:32.062] WORKER[0x00005575c9175570]: thread stop
[20210208 16:31:32.062] WORKER[0x00005575c9175830]: thread stop
[20210208 16:31:32.063] WORKER[0x00005575c9175b80]: thread stop
[20210208 16:31:32.063] WORKER[0x00005575c9175e40]: thread stop
[20210208 16:31:32.063] WORKER[0x00005575c9176100]: thread stop
[20210208 16:31:32.063] WORKER[0x00005575c91763c0]: thread stop
[20210208 16:31:32.063] WORKER[0x00005575c9176790]: thread stop
[20210208 16:31:32.064] WORKER[0x00005575c9176a50]: thread stop
[20210208 16:31:32.064] WORKER[0x00005575c9176d10]: thread stop
[20210208 16:31:32.064] WORKER[0x00005575c9176fd0]: thread stop
[20210208 16:31:32.065] WORKER[0x00005575c9177290]: thread stop
[20210208 16:31:32.065] WORKER[0x00005575c9177550]: thread stop
[20210208 16:31:32.065] WORKER[0x00005575c9177810]: thread stop
[20210208 16:31:32.065] unregister completion queue with id 0
[20210208 16:31:32.065] unregister completion queue with id 1
[20210208 16:31:32.065] message thread stop
[20210208 16:31:32.066] GS: shutdown
[20210208 16:31:32.070] DISKIO[0x00005575c9173c90]: stopping service threads
[20210208 16:31:32.070] DISK_WORKER[0x00005575c91644c0]: diskio thread stop, drive_id = 18446744073709551614
[20210208 16:31:32.070] DISKIO[0x00005575c9173c90]: service threads stopped
[20210208 16:31:32.070] WORKER[0x00005575c91644c0]: deleted
[20210208 16:31:32.070] DISKIO[0x00005575c9173c90]: deleted
[20210208 16:31:32.079] Torrent session shutdown: done waiting
[20210208 16:31:32.100] UDP: Stopping UDP threads for 0.0.0.0:24441
[20210208 16:31:32.121] UDP: Stopping UDP threads for [::]:24441
[20210208 16:31:32.141] Stopping network threads
[20210208 16:31:33.024] Network_ReleaseSockets: deleting 7EventFD
[20210208 16:31:33.024] Network_ReleaseSockets: deleting 19UpnpBroadcastSocket
[20210208 16:31:33.024] Network_ReleaseSockets: deleting 19UpnpBroadcastSocket
[20210208 16:31:33.024] Network_ReleaseSockets: deleting 13NetlinkSocket
[20210208 16:31:33.024] Network_ReleaseSockets: deleting 24UpnpNotifyListenerSocket
[20210208 16:31:33.024] Network_ReleaseSockets: deleting 15NatPmpUdpSocket
[20210208 16:31:33.024] Network_ReleaseSockets: deleting 20PeerListenConnection
[20210208 16:31:33.024] Network_ReleaseSockets: deleting 20PeerListenConnection
[20210208 16:31:33.024] Network_ReleaseSockets: all sockets have been released
[20210208 16:31:33.025] WORKER[0x00005575c9177c80]: thread stop
[20210208 16:31:33.025] WORKER[0x00005575c9177c80]: deleted
[20210208 16:31:33.025] WORKER[0x00005575c9166320]: deleted
[20210208 16:31:33.025] WORKER[0x00005575c9174ff0]: deleted
[20210208 16:31:33.025] WORKER[0x00005575c91752b0]: deleted
[20210208 16:31:33.025] WORKER[0x00005575c9175570]: deleted
[20210208 16:31:33.025] WORKER[0x00005575c9175830]: deleted
[20210208 16:31:33.025] WORKER[0x00005575c9175b80]: deleted
[20210208 16:31:33.025] WORKER[0x00005575c9175e40]: deleted
[20210208 16:31:33.025] WORKER[0x00005575c9176100]: deleted
[20210208 16:31:33.025] WORKER[0x00005575c91763c0]: deleted
[20210208 16:31:33.025] WORKER[0x00005575c9176790]: deleted
[20210208 16:31:33.025] WORKER[0x00005575c9176a50]: deleted
[20210208 16:31:33.025] WORKER[0x00005575c9176d10]: deleted
[20210208 16:31:33.025] WORKER[0x00005575c9176fd0]: deleted
[20210208 16:31:33.025] WORKER[0x00005575c9177290]: deleted
[20210208 16:31:33.025] WORKER[0x00005575c9177550]: deleted
[20210208 16:31:33.025] WORKER[0x00005575c9177810]: deleted
[20210208 16:31:33.025] Shutdown. Saving config sync.dat
